<?xml version="1.0" encoding="UTF-8"?>
<!-- Generated by org.testng.reporters.JUnitReportReporter -->
<testsuite hostname="LAPTOP-BA6DRO61" failures="0" tests="5" name="google.Calculator.tests.CalculatorAdvancedTest" time="11.770" errors="0" timestamp="2024-11-24T17:09:49 EST" skipped="0">
  <testcase classname="google.Calculator.tests.CalculatorAdvancedTest" name="performMultiplyingMaxValues" time="2.551"/>
  <testcase classname="google.Calculator.tests.CalculatorAdvancedTest" name="performDivisionByZero" time="0.867"/>
  <testcase classname="google.Calculator.tests.CalculatorAdvancedTest" name="performSubtractingDecimalNumbers" time="2.438"/>
  <testcase classname="google.Calculator.tests.CalculatorAdvancedTest" name="performSeriesCalculations" time="3.325"/>
  <testcase classname="google.Calculator.tests.CalculatorAdvancedTest" name="performAddingNegativeNumbers" time="2.589"/>
</testsuite> <!-- google.Calculator.tests.CalculatorAdvancedTest -->
