<?xml version="1.0" encoding="UTF-8"?>
<!-- Generated by org.testng.reporters.JUnitReportReporter -->
<testsuite hostname="LAPTOP-BA6DRO61" failures="0" tests="5" name="google.Calculator.tests.CalculatorBasicTest" time="5.011" errors="0" timestamp="2024-11-24T17:09:49 EST" skipped="0">
  <testcase classname="google.Calculator.tests.CalculatorBasicTest" name="performClearLastEntry" time="1.262"/>
  <testcase classname="google.Calculator.tests.CalculatorBasicTest" name="performBasicMultiplication" time="1.126"/>
  <testcase classname="google.Calculator.tests.CalculatorBasicTest" name="performBasicDivison" time="1.033"/>
  <testcase classname="google.Calculator.tests.CalculatorBasicTest" name="performBasicSubtraction" time="0.816"/>
  <testcase classname="google.Calculator.tests.CalculatorBasicTest" name="performBasicAddition" time="0.774"/>
</testsuite> <!-- google.Calculator.tests.CalculatorBasicTest -->
