<?xml version="1.0" encoding="UTF-8"?>
<!-- Generated by org.testng.reporters.JUnitReportReporter -->
<testsuite hostname="LAPTOP-BA6DRO61" failures="0" tests="9" name="google.Calculator.tests.CalculatorTest" time="13.346" errors="0" timestamp="2024-11-23T01:14:19 EST" skipped="0">
  <testcase classname="google.Calculator.tests.CalculatorTest" name="performBasicDivison" time="0.885"/>
  <testcase classname="google.Calculator.tests.CalculatorTest" name="performBasicMultiplication" time="1.271"/>
  <testcase classname="google.Calculator.tests.CalculatorTest" name="performClearLastEntry" time="1.532"/>
  <testcase classname="google.Calculator.tests.CalculatorTest" name="performMultiplyingMaxValues" time="2.794"/>
  <testcase classname="google.Calculator.tests.CalculatorTest" name="performBasicSubtraction" time="1.009"/>
  <testcase classname="google.Calculator.tests.CalculatorTest" name="performBasicAddition" time="0.598"/>
  <testcase classname="google.Calculator.tests.CalculatorTest" name="performAddingNegativeNumbers" time="1.777"/>
  <testcase classname="google.Calculator.tests.CalculatorTest" name="performDivisionByZero" time="1.103"/>
  <testcase classname="google.Calculator.tests.CalculatorTest" name="performSubtractingDecimalNumbers" time="2.377"/>
</testsuite> <!-- google.Calculator.tests.CalculatorTest -->
