<?xml version="1.0" encoding="UTF-8"?>
<!-- Generated by org.testng.reporters.JUnitReportReporter -->
<testsuite hostname="LAPTOP-BA6DRO61" failures="0" tests="1" name="google.Calculator.tests.CalculatorAdvancedTest" time="4.076" errors="0" timestamp="2024-11-24T02:07:22 EST" skipped="0">
  <testcase classname="google.Calculator.tests.CalculatorAdvancedTest" name="performSeriesCalculations" time="4.076"/>
</testsuite> <!-- google.Calculator.tests.CalculatorAdvancedTest -->
