<?xml version="1.0" encoding="UTF-8"?>
<!-- Generated by org.testng.reporters.JUnitReportReporter -->
<testsuite hostname="LAPTOP-BA6DRO61" failures="0" tests="2" name="google.Calculator.tests.CalculatorBasicTest" time="2.431" errors="0" timestamp="2024-11-24T02:07:22 EST" skipped="0">
  <testcase classname="google.Calculator.tests.CalculatorBasicTest" name="performClearLastEntry" time="1.227"/>
  <testcase classname="google.Calculator.tests.CalculatorBasicTest" name="performBasicAddition" time="1.204"/>
</testsuite> <!-- google.Calculator.tests.CalculatorBasicTest -->
